Mon May 15 11:33:55 UTC 2023 - Iniciando o Script...
[H[2J[3J===== Meu Primeiro Script =======

Exibir data e hora atual: 11:33
=================================
Listagem dos Alunos: 


Ana Claudia
Ana Claudia Vasconcelos
Andre Gonçalves
Antonio       Silva
Carlos Augusto
Eliseu Padilha
Maria Antonieto Sousa
Paulo Freitas
Rafael dos Santos
Ricardo Prudenciato     
Silvia		 Oliveira
=================================
Nova Hora Atual: 11
Mon May 15 11:33:55 UTC 2023 - Fim do Script...
Mon May 15 11:37:01 UTC 2023 - Iniciando o Script...
[H[2J[3J===== Meu Primeiro Script =======

Exibir data e hora atual: 11:37
=================================
Listagem dos Alunos: 


Ana Claudia
Ana Claudia Vasconcelos
Andre Gonçalves
Antonio       Silva
Carlos Augusto
Eliseu Padilha
Maria Antonieto Sousa
Paulo Freitas
Rafael dos Santos
Ricardo Prudenciato     
Silvia		 Oliveira
=================================
Nova Hora Atual: 11
Mon May 15 11:37:01 UTC 2023 - Fim do Script...
Mon May 15 11:42:55 UTC 2023 - Iniciando o Script...
[H[2J[3J===== Meu Primeiro Script =======

Exibir data e hora atual: 11:42
=================================
Listagem dos Alunos: 


Ana Claudia
Ana Claudia Vasconcelos
Andre Gonçalves
Antonio       Silva
Carlos Augusto
Eliseu Padilha
Maria Antonieto Sousa
Paulo Freitas
Rafael dos Santos
Ricardo Prudenciato     
Silvia		 Oliveira


Ana Claudia
Ana Claudia Vasconcelos
Andre Gonçalves
Antonio       Silva
Carlos Augusto
Eliseu Padilha
Maria Antonieto Sousa
Paulo Freitas
Rafael dos Santos
Ricardo Prudenciato     
Silvia		 Oliveira
=================================
Nova Hora Atual: 11
Mon May 15 11:42:55 UTC 2023 - Fim do Script...
Mon May 15 11:42:57 UTC 2023 - Iniciando o Script...
[H[2J[3J===== Meu Primeiro Script =======

Exibir data e hora atual: 11:42
=================================
Listagem dos Alunos: 


Ana Claudia
Ana Claudia Vasconcelos
Andre Gonçalves
Antonio       Silva
Carlos Augusto
Eliseu Padilha
Maria Antonieto Sousa
Paulo Freitas
Rafael dos Santos
Ricardo Prudenciato     
Silvia		 Oliveira


Ana Claudia
Ana Claudia Vasconcelos
Andre Gonçalves
Antonio       Silva
Carlos Augusto
Eliseu Padilha
Maria Antonieto Sousa
Paulo Freitas
Rafael dos Santos
Ricardo Prudenciato     
Silvia		 Oliveira
=================================
Nova Hora Atual: 11
Mon May 15 11:42:57 UTC 2023 - Fim do Script...
Mon May 15 11:42:58 UTC 2023 - Iniciando o Script...
[H[2J[3J===== Meu Primeiro Script =======

Exibir data e hora atual: 11:42
=================================
Listagem dos Alunos: 


Ana Claudia
Ana Claudia Vasconcelos
Andre Gonçalves
Antonio       Silva
Carlos Augusto
Eliseu Padilha
Maria Antonieto Sousa
Paulo Freitas
Rafael dos Santos
Ricardo Prudenciato     
Silvia		 Oliveira


Ana Claudia
Ana Claudia Vasconcelos
Andre Gonçalves
Antonio       Silva
Carlos Augusto
Eliseu Padilha
Maria Antonieto Sousa
Paulo Freitas
Rafael dos Santos
Ricardo Prudenciato     
Silvia		 Oliveira
=================================
Nova Hora Atual: 11
Mon May 15 11:42:58 UTC 2023 - Fim do Script...
Mon May 15 11:42:59 UTC 2023 - Iniciando o Script...
[H[2J[3J===== Meu Primeiro Script =======

Exibir data e hora atual: 11:42
=================================
Listagem dos Alunos: 


Ana Claudia
Ana Claudia Vasconcelos
Andre Gonçalves
Antonio       Silva
Carlos Augusto
Eliseu Padilha
Maria Antonieto Sousa
Paulo Freitas
Rafael dos Santos
Ricardo Prudenciato     
Silvia		 Oliveira


Ana Claudia
Ana Claudia Vasconcelos
Andre Gonçalves
Antonio       Silva
Carlos Augusto
Eliseu Padilha
Maria Antonieto Sousa
Paulo Freitas
Rafael dos Santos
Ricardo Prudenciato     
Silvia		 Oliveira
=================================
Nova Hora Atual: 11
Mon May 15 11:42:59 UTC 2023 - Fim do Script...
Mon May 15 11:43:00 UTC 2023 - Iniciando o Script...
[H[2J[3J===== Meu Primeiro Script =======

Exibir data e hora atual: 11:43
=================================
Listagem dos Alunos: 


Ana Claudia
Ana Claudia Vasconcelos
Andre Gonçalves
Antonio       Silva
Carlos Augusto
Eliseu Padilha
Maria Antonieto Sousa
Paulo Freitas
Rafael dos Santos
Ricardo Prudenciato     
Silvia		 Oliveira


Ana Claudia
Ana Claudia Vasconcelos
Andre Gonçalves
Antonio       Silva
Carlos Augusto
Eliseu Padilha
Maria Antonieto Sousa
Paulo Freitas
Rafael dos Santos
Ricardo Prudenciato     
Silvia		 Oliveira
=================================
Nova Hora Atual: 11
Mon May 15 11:43:00 UTC 2023 - Fim do Script...
